<?xml version="1.0" encoding="UTF-8"?>
<!-- Generated by org.testng.reporters.JUnitReportReporter -->
<testsuite skipped="0" hostname="Sam-PC" name="com.crm.qa.testcases.ContactsPageTest" tests="5" failures="0" timestamp="18 May 2021 01:30:33 GMT" time="67.545" errors="0">
  <testcase name="verifyContactPageLabel" time="10.394" classname="com.crm.qa.testcases.ContactsPageTest"/>
  <testcase name="verifycontactcheckbox" time="20.770" classname="com.crm.qa.testcases.ContactsPageTest"/>
  <testcase name="validateCreateNewContact" time="13.191" classname="com.crm.qa.testcases.ContactsPageTest"/>
  <testcase name="validateCreateNewContact" time="11.329" classname="com.crm.qa.testcases.ContactsPageTest"/>
  <testcase name="validateCreateNewContact" time="11.861" classname="com.crm.qa.testcases.ContactsPageTest"/>
</testsuite> <!-- com.crm.qa.testcases.ContactsPageTest -->
